<?xml version="1.0" encoding="UTF-8"?>
<testsuite failures="0" errors="0" name="Test_View_MMRN" assertions="4" time="25.399" tests="1">
  <testcase name="test_0010_view_valid_mmrn" assertions="4" time="25.398">
  </testcase>
  <system-out>
    <![CDATA[]]>
  </system-out>
  <system-err>
    <![CDATA[]]>
  </system-err>
</testsuite>
