<?xml version="1.0" encoding="UTF-8"?>
<testsuite assertions="4" name="Test_Approve_MMRN" tests="1" failures="0" time="39.094" errors="0">
  <testcase assertions="4" name="test_0030_reject_user" time="39.093">
  </testcase>
  <system-out>
    <![CDATA[]]>
  </system-out>
  <system-err>
    <![CDATA[]]>
  </system-err>
</testsuite>
