<?xml version="1.0" encoding="UTF-8"?>
<testsuite assertions="8" name="Stores_TC_Purchase_Order" time="52.588" failures="1" tests="1" errors="0">
  <testcase assertions="8" name="test_0010_create_po_indent_type_valid_values_for_future_date_and_delivery_date" time="52.588">
    <failure type="Test::Unit::AssertionFailedError" message="TC:Indent not created....">
TC:Indent not created.
&lt;nil&gt; is not true. (Test::Unit::AssertionFailedError)
c:/ruby/lib/ruby/gems/1.8/gems/s4t-utils-1.0.4/lib/s4t-utils/more-assertions.rb:8:in `assert_true'
D:/workspace/@off/qa_stores/regression/Transactions/Material Indent/stores_material_indent_methods.rb:18:in `create_material_indent_success'
create_purchase_order.rb:49:in `test_0010_create_po_indent_type_valid_values_for_future_date_and_delivery_date'    </failure>
  </testcase>
  <system-out>
    <![CDATA[]]>
  </system-out>
  <system-err>
    <![CDATA[]]>
  </system-err>
</testsuite>
