<?xml version="1.0" encoding="UTF-8"?>
<testsuite name="Test_Create_Item" failures="0" tests="11" time="152.422" errors="0" assertions="33">
  <testcase name="test_0010_create_item_valid_values" time="17.494" assertions="3">
  </testcase>
  <testcase name="test_0020_create_item_valid_values" time="13.867" assertions="3">
  </testcase>
  <testcase name="test_0030_create_item_valid_values" time="13.622" assertions="3">
  </testcase>
  <testcase name="test_0040_create_item_valid_values" time="13.745" assertions="3">
  </testcase>
  <testcase name="test_0050_create_item_valid_values" time="14.071" assertions="3">
  </testcase>
  <testcase name="test_0060_create_item_valid_values" time="13.549" assertions="3">
  </testcase>
  <testcase name="test_0070_create_item_valid_values" time="13.723" assertions="3">
  </testcase>
  <testcase name="test_0080_create_item_without_description" time="13.776" assertions="3">
  </testcase>
  <testcase name="test_0090_create_item_without_UOM_contract_required" time="11.446" assertions="3">
  </testcase>
  <testcase name="test_0100_create_item_wtihout_item_number" time="13.529" assertions="3">
  </testcase>
  <testcase name="test_0110_create_item_with_already_existing_ietm_number" time="13.598" assertions="3">
  </testcase>
  <system-out>
    <![CDATA[Unable to locate element, using :name, "j_username"
Unable to locate element, using :name, "j_username"
Unable to locate element, using :name, "j_username"
Unable to locate element, using :name, "j_username"
Unable to locate element, using :name, "j_username"
Unable to locate element, using :name, "j_username"
Unable to locate element, using :name, "j_username"
Unable to locate element, using :name, "j_username"
Unable to locate element, using :name, "j_username"
Unable to locate element, using :name, "j_username"
Unable to locate element, using :name, "j_username"
]]>
  </system-out>
  <system-err>
    <![CDATA[]]>
  </system-err>
</testsuite>
