<?xml version="1.0" encoding="UTF-8"?>
<testsuite assertions="46" name="Stores_TC_Approve_Reject_Supplier_bill" time="343.981" failures="0" tests="1" errors="0">
  <testcase assertions="46" name="test_0040_Create_supplier_bill_Approve_by_Creator_Reject_by_Approver_again_Approve_by_Creater" time="343.98">
  </testcase>
  <system-out>
    <![CDATA[MMRN is created on : 09/11/2009
10
2
3
Supplier Bill number created is : SBILL/26/0910
SUPPIER BILL APPROVED
SUPPIER BILL REJECTED
SUPPIER BILL APPROVED
]]>
  </system-out>
  <system-err>
    <![CDATA[]]>
  </system-err>
</testsuite>
