<?xml version="1.0" encoding="UTF-8"?>
<testsuite failures="0" tests="1" errors="0" name="Stores_TC_Modify_Supplier_bill" time="292.472" assertions="36">
  <testcase name="test_0040_Modify_supplier_date_less_than_MRN_date_duplicating_the_account_code" time="292.472" assertions="36">
  </testcase>
  <system-out>
    <![CDATA[MMRN is created on : 09/11/2009
10
2
3
Supplier Bill number created is : SBILL/36/0910
3
4
3
5
SUPPIER BILL IS NOT MODIFIED
]]>
  </system-out>
  <system-err>
    <![CDATA[]]>
  </system-err>
</testsuite>
