<?xml version="1.0" encoding="UTF-8"?>
<testsuite failures="0" errors="1" name="Test_Create_Stores" time="17.571" assertions="3" tests="1">
  <testcase name="test_0010_create_stores_valid_data" time="17.57" assertions="3">
    <failure type="WIN32OLERuntimeError" message="unknown property or method `2'...">
unknown property or method `2'
    HRESULT error code:0x80020006
      Unknown name. (WIN32OLERuntimeError)
c:/ruby/lib/ruby/gems/1.8/gems/watir-1.6.2/lib/watir/table.rb:159:in `[]'
c:/ruby/lib/ruby/gems/1.8/gems/watir-1.6.2/lib/watir/table.rb:159:in `_row'
c:/ruby/lib/ruby/gems/1.8/gems/watir-1.6.2/lib/watir/table.rb:99:in `[]'
c:/stores_qa/regression/Masters/Stores Masters/stores_stores_methods.rb:96:in `create_stores'
c:/stores_qa/regression/Masters/Stores Masters/stores_stores_methods.rb:93:in `each'
c:/stores_qa/regression/Masters/Stores Masters/stores_stores_methods.rb:93:in `create_stores'
test_create_stores.rb:37:in `test_0010_create_stores_valid_data'
c:/ruby/lib/ruby/1.8/test/unit/testcase.rb:78:in `__send__'
c:/ruby/lib/ruby/1.8/test/unit/testcase.rb:78:in `run'
c:/ruby/lib/ruby/1.8/test/unit/testsuite.rb:34:in `run'
c:/ruby/lib/ruby/1.8/test/unit/testsuite.rb:33:in `each'
c:/ruby/lib/ruby/1.8/test/unit/testsuite.rb:33:in `run'
c:/ruby/lib/ruby/1.8/test/unit/testsuite.rb:34:in `run'
c:/ruby/lib/ruby/1.8/test/unit/testsuite.rb:33:in `each'
c:/ruby/lib/ruby/1.8/test/unit/testsuite.rb:33:in `run'
c:/ruby/lib/ruby/1.8/test/unit/ui/testrunnermediator.rb:46:in `run_suite'
c:/ruby/lib/ruby/1.8/test/unit/ui/console/testrunner.rb:67:in `start_mediator'
c:/ruby/lib/ruby/1.8/test/unit/ui/console/testrunner.rb:41:in `start'
c:/ruby/lib/ruby/1.8/test/unit/ui/testrunnerutilities.rb:29:in `run'
c:/ruby/lib/ruby/1.8/test/unit/autorunner.rb:216:in `run'
c:/ruby/lib/ruby/1.8/test/unit/autorunner.rb:12:in `run'
c:/ruby/lib/ruby/1.8/test/unit.rb:278
test_create_stores.rb:130    </failure>
  </testcase>
  <system-out>
    <![CDATA[]]>
  </system-out>
  <system-err>
    <![CDATA[]]>
  </system-err>
</testsuite>
