<?xml version="1.0" encoding="UTF-8"?>
<testsuite failures="0" name="Test_Create_Item_type" errors="0" time="74.669" assertions="24" tests="6">
  <testcase name="test_0010_create_item_type_with_valid_values" time="15.986" assertions="4">
  </testcase>
  <testcase name="test_0020_create_item_type_with_parent_item_type" time="12.038" assertions="4">
  </testcase>
  <testcase name="test_0030_create_item_type_with_special_char_for_item_type" time="11.509" assertions="4">
  </testcase>
  <testcase name="test_0040_create_item_type_without_item_type" time="11.662" assertions="4">
  </testcase>
  <testcase name="test_0050_create_item_type_withtout_item_type_description" time="11.948" assertions="4">
  </testcase>
  <testcase name="test_0060_create_item_type_without_stock_in_hand_code" time="11.523" assertions="4">
  </testcase>
  <system-out>
    <![CDATA[]]>
  </system-out>
  <system-err>
    <![CDATA[]]>
  </system-err>
</testsuite>
