<?xml version="1.0" encoding="UTF-8"?>
<testsuite tests="4" name="Test_Modify_Item" failures="0" errors="0" time="88.423" assertions="20">
  <testcase name="test_0010_modify_item_with_valid_data" time="24.074" assertions="5">
  </testcase>
  <testcase name="test_0020_modify_item_with_diff_UOM" time="22.143" assertions="5">
  </testcase>
  <testcase name="test_0030_modify_item_without_item_type" time="22.164" assertions="5">
  </testcase>
  <testcase name="test_0040_modify_item_without_contract_req" time="20.041" assertions="5">
  </testcase>
  <system-out>
    <![CDATA[]]>
  </system-out>
  <system-err>
    <![CDATA[]]>
  </system-err>
</testsuite>
