<?xml version="1.0" encoding="UTF-8"?>
<testsuite failures="0" tests="1" errors="0" name="Stores_TC_Approve_GMI" assertions="61" time="409.593">
  <testcase name="test_0020_reject_GMI_by_user" assertions="61" time="409.593">
  </testcase>
  <system-out>
    <![CDATA[]]>
  </system-out>
  <system-err>
    <![CDATA[]]>
  </system-err>
</testsuite>
