<?xml version="1.0" encoding="UTF-8"?>
<testsuite failures="0" errors="1" name="Test_Approve_GMI" time="30.902" assertions="4" tests="1">
  <testcase name="test_0010_approve_GMI_reject_GMI" time="30.901" assertions="4">
    <failure type="Watir::Exception::UnknownObjectException" message="Unable to locate element, using :text, &quot;Approve MMRN/Approve MMRN&quot;">
Unable to locate element, using :text, "Approve MMRN/Approve MMRN" (Watir::Exception::UnknownObjectException)
c:/ruby/lib/ruby/gems/1.8/gems/watir-1.6.2/lib/watir/element.rb:52:in `assert_exists'
c:/ruby/lib/ruby/gems/1.8/gems/watir-1.6.2/lib/watir/element.rb:239:in `flash'
c:/stores_qa/regression/Transactions/General material issue/stores_gmi_methods.rb:313:in `approve_mmrn'
test_approve_gmi.rb:43:in `test_0010_approve_GMI_reject_GMI'
c:/ruby/lib/ruby/1.8/test/unit/testcase.rb:78:in `__send__'
c:/ruby/lib/ruby/1.8/test/unit/testcase.rb:78:in `run'
c:/ruby/lib/ruby/1.8/test/unit/testsuite.rb:34:in `run'
c:/ruby/lib/ruby/1.8/test/unit/testsuite.rb:33:in `each'
c:/ruby/lib/ruby/1.8/test/unit/testsuite.rb:33:in `run'
c:/ruby/lib/ruby/1.8/test/unit/testsuite.rb:34:in `run'
c:/ruby/lib/ruby/1.8/test/unit/testsuite.rb:33:in `each'
c:/ruby/lib/ruby/1.8/test/unit/testsuite.rb:33:in `run'
c:/ruby/lib/ruby/1.8/test/unit/ui/testrunnermediator.rb:46:in `run_suite'
c:/ruby/lib/ruby/1.8/test/unit/ui/console/testrunner.rb:67:in `start_mediator'
c:/ruby/lib/ruby/1.8/test/unit/ui/console/testrunner.rb:41:in `start'
c:/ruby/lib/ruby/1.8/test/unit/ui/testrunnerutilities.rb:29:in `run'
c:/ruby/lib/ruby/1.8/test/unit/autorunner.rb:216:in `run'
c:/ruby/lib/ruby/1.8/test/unit/autorunner.rb:12:in `run'
c:/ruby/lib/ruby/1.8/test/unit.rb:278
test_approve_gmi.rb:140    </failure>
  </testcase>
  <system-out>
    <![CDATA[100
brkqty
]]>
  </system-out>
  <system-err>
    <![CDATA[]]>
  </system-err>
</testsuite>
