<?xml version="1.0" encoding="UTF-8"?>
<testsuite errors="0" name="Test_Create_GMI" assertions="13" tests="1" time="73.383" failures="1">
  <testcase name="test_0020_create_GMI_Internal_Consumption" assertions="13" time="73.382">
    <failure type="Test::Unit::AssertionFailedError" message="TC: . Text not found : eGov Stores - General Material Issue - GMI view screen....">
TC: . Text not found : eGov Stores - General Material Issue - GMI view screen.
&lt;false&gt; is not true. (Test::Unit::AssertionFailedError)
c:/stores_qa/regression/Transactions/General material issue/stores_gmi_methods.rb:290:in `check_for_view_gmi_success'
test_create_gmi.rb:88:in `test_0020_create_GMI_Internal_Consumption'    </failure>
  </testcase>
  <system-out>
    <![CDATA[]]>
  </system-out>
  <system-err>
    <![CDATA[]]>
  </system-err>
</testsuite>
