<?xml version="1.0" encoding="UTF-8"?>
<testsuite assertions="6" name="Stores_TC_Create_GMI" time="41.217" failures="0" tests="1" errors="0">
  <testcase assertions="6" name="test_0091_create_GMI_Asset_Repair" time="41.216">
  </testcase>
  <system-out>
    <![CDATA[]]>
  </system-out>
  <system-err>
    <![CDATA[]]>
  </system-err>
</testsuite>
