<?xml version="1.0" encoding="UTF-8"?>
<testsuite assertions="40" name="Test_Create_Item" failures="0" time="133.487" errors="0" tests="10">
  <testcase assertions="4" name="test_0020_create_item_valid_values" time="13.99">
  </testcase>
  <testcase assertions="4" name="test_0030_create_item_valid_values" time="13.785">
  </testcase>
  <testcase assertions="4" name="test_0040_create_item_valid_values" time="14.184">
  </testcase>
  <testcase assertions="4" name="test_0050_create_item_valid_values" time="13.911">
  </testcase>
  <testcase assertions="4" name="test_0060_create_item_valid_values" time="13.911">
  </testcase>
  <testcase assertions="4" name="test_0070_create_item_valid_values" time="12.076">
  </testcase>
  <testcase assertions="4" name="test_0080_create_item_without_description" time="13.872">
  </testcase>
  <testcase assertions="4" name="test_0090_create_item_without_UOM_contract_required" time="11.822">
  </testcase>
  <testcase assertions="4" name="test_0100_create_item_wtihout_item_number" time="11.901">
  </testcase>
  <testcase assertions="4" name="test_0110_create_item_with_already_existing_item_number" time="14.03">
  </testcase>
  <system-out>
    <![CDATA[]]>
  </system-out>
  <system-err>
    <![CDATA[]]>
  </system-err>
</testsuite>
