<?xml version="1.0" encoding="UTF-8"?>
<testsuite assertions="5" tests="1" name="Test_Modify_UOM" time="21.591" failures="0" errors="0">
  <testcase assertions="5" name="test_0010_modify_uom_and_description" time="21.59">
  </testcase>
  <system-out>
    <![CDATA[]]>
  </system-out>
  <system-err>
    <![CDATA[]]>
  </system-err>
</testsuite>
