<?xml version="1.0" encoding="UTF-8"?>
<testsuite failures="0" tests="1" errors="1" name="Test_Create_Material_receipt_note" assertions="0" time="1.214">
  <testcase name="test_0010_create_Material_receipt_note" assertions="0" time="1.214">
    <failure type="NameError" message="uninitialized constant Test_Create_Material_receipt_note::USER_NAME">
uninitialized constant Test_Create_Material_receipt_note::USER_NAME (NameError)
create_mtn.rb:35:in `test_0010_create_Material_receipt_note'
c:/ruby/lib/ruby/1.8/test/unit/testcase.rb:78:in `__send__'
c:/ruby/lib/ruby/1.8/test/unit/testcase.rb:78:in `run'
c:/ruby/lib/ruby/1.8/test/unit/testsuite.rb:34:in `run'
c:/ruby/lib/ruby/1.8/test/unit/testsuite.rb:33:in `each'
c:/ruby/lib/ruby/1.8/test/unit/testsuite.rb:33:in `run'
c:/ruby/lib/ruby/1.8/test/unit/testsuite.rb:34:in `run'
c:/ruby/lib/ruby/1.8/test/unit/testsuite.rb:33:in `each'
c:/ruby/lib/ruby/1.8/test/unit/testsuite.rb:33:in `run'
c:/ruby/lib/ruby/1.8/test/unit/ui/testrunnermediator.rb:46:in `run_suite'
c:/ruby/lib/ruby/1.8/test/unit/ui/console/testrunner.rb:67:in `start_mediator'
c:/ruby/lib/ruby/1.8/test/unit/ui/console/testrunner.rb:41:in `start'
c:/ruby/lib/ruby/1.8/test/unit/ui/testrunnerutilities.rb:29:in `run'
c:/ruby/lib/ruby/1.8/test/unit/autorunner.rb:216:in `run'
c:/ruby/lib/ruby/1.8/test/unit/autorunner.rb:12:in `run'
c:/ruby/lib/ruby/1.8/test/unit.rb:278
create_mtn.rb:67    </failure>
  </testcase>
  <system-out>
    <![CDATA[undefined local variable or method `close_all_windows' for #<Test_Create_Material_receipt_note:0x4dc50b0>
]]>
  </system-out>
  <system-err>
    <![CDATA[]]>
  </system-err>
</testsuite>
