<?xml version="1.0" encoding="UTF-8"?>
<testsuite tests="2" name="Test_View_UOM" failures="0" errors="0" time="33.212" assertions="9">
  <testcase name="test_0010_view_uom_by_selecting_uom" time="15.695" assertions="4">
  </testcase>
  <testcase name="test_0020_view_uom_without_selecting_uom" time="17.515" assertions="5">
  </testcase>
  <system-out>
    <![CDATA[Unable to locate element, using :name, "j_username"
]]>
  </system-out>
  <system-err>
    <![CDATA[]]>
  </system-err>
</testsuite>
