<?xml version="1.0" encoding="UTF-8"?>
<testsuite failures="0" name="Test_Create_UOM" errors="0" time="116.917" assertions="36" tests="9">
  <testcase name="test_0010_create_uom_with_valid_values" time="21.846" assertions="5">
  </testcase>
  <testcase name="test_0020_create_uom_without_selecting_baseuom_checkbox" time="11.428" assertions="4">
  </testcase>
  <testcase name="test_0030_create_uom_without_uom" time="11.489" assertions="4">
  </testcase>
  <testcase name="test_0040_create_uom_without_uom_description" time="10.45" assertions="4">
  </testcase>
  <testcase name="test_0050_create_uom_with_special_chars_for_uom" time="9.21" assertions="3">
  </testcase>
  <testcase name="test_0060_create_uom_without_selecting_uomcategory" time="9.572" assertions="3">
  </testcase>
  <testcase name="test_0070_create_uom_without_conversion_factor" time="11.501" assertions="4">
  </testcase>
  <testcase name="test_0080_create_uom_with_already_existing_uom" time="13.564" assertions="4">
  </testcase>
  <testcase name="test_0090_create_uom_with_valid_values" time="17.853" assertions="5">
  </testcase>
  <system-out>
    <![CDATA[Unable to locate a frame with name mainFrame
Unable to locate a frame with name mainFrame
Unable to locate element, using :name, "j_username"
]]>
  </system-out>
  <system-err>
    <![CDATA[]]>
  </system-err>
</testsuite>
