<?xml version="1.0" encoding="UTF-8"?>
<testsuite failures="0" errors="0" name="Test_View_Stores" time="12.922" assertions="4" tests="1">
  <testcase name="test_0010_view_stores_with_store_name" time="12.921" assertions="4">
  </testcase>
  <system-out>
    <![CDATA[]]>
  </system-out>
  <system-err>
    <![CDATA[]]>
  </system-err>
</testsuite>
