<?xml version="1.0" encoding="UTF-8"?>
<testsuite tests="2" assertions="12" name="Test_View_Item" time="37.03" failures="0" errors="0">
  <testcase assertions="6" name="test_0010_view_item_by_inputting_in_search_field" time="19.115">
  </testcase>
  <testcase assertions="6" name="test_0020_view_item_without_inputting_in_search_field" time="17.914">
  </testcase>
  <system-out>
    <![CDATA[]]>
  </system-out>
  <system-err>
    <![CDATA[]]>
  </system-err>
</testsuite>
