<?xml version="1.0" encoding="UTF-8"?>
<beans xmlns="http://www.springframework.org/schema/beans"
       xmlns:xsi="http://www.w3.org/2001/XMLSchema-instance" xmlns:tx="http://www.springframework.org/schema/tx"
       xsi:schemaLocation="http://www.springframework.org/schema/beans http://www.springframework.org/schema/beans/spring-beans.xsd http://www.springframework.org/schema/tx http://www.springframework.org/schema/tx/spring-tx.xsd">

    <bean id="transactionManager" class="org.springframework.orm.hibernate4.HibernateTransactionManager">
        <constructor-arg ref="sessionFactory"/>
    </bean>

    <tx:annotation-driven proxy-target-class="true" />

    <beans profile="test">
        <bean id="sessionFactory" class="org.springframework.orm.hibernate4.LocalSessionFactoryBean">
            <property name="dataSource" ref="dataSource"/>
            <property name="configLocations" value="classpath*:test-hibernate.cfg.xml"/>
            <property name="mappingLocations" value="classpath*:org/egov/**/*.hbm.xml"/>
            <property name="packagesToScan" value="org.egov"/>
        </bean>


        <bean id="dataSource" class="org.apache.commons.dbcp.BasicDataSource" destroy-method="close">
            <property name="driverClassName" value="org.postgresql.Driver"/>
            <property name="url" value="jdbc:postgresql://localhost:5432/postgres"/>
            <property name="initialSize" value="1"/>
            <property name="username" value="erp_owner" />
            <property name="password" value="erp_owner" />
        </bean>

        <bean id="jdbcTemplate" class="org.springframework.jdbc.core.JdbcTemplate">
            <constructor-arg ref="dataSource" />
        </bean>
    </beans>

</beans>