<?xml version="1.0" encoding="UTF-8"?>
<testsuite tests="1" failures="0" name="Stores_TC_Create_MMRN" errors="1" time="11.406" assertions="4">
  <testcase name="test_0010_create_interbin_transfer" time="11.406" assertions="4">
    <failure type="Watir::Exception::UnknownObjectException" message="Unable to locate element, using :id, &quot;j_username&quot;">
Unable to locate element, using :id, "j_username" (Watir::Exception::UnknownObjectException)
c:/ruby/lib/ruby/gems/1.8/gems/watir-1.6.2/lib/watir/element.rb:52:in `assert_exists'
c:/ruby/lib/ruby/gems/1.8/gems/watir-1.6.2/lib/watir/element.rb:284:in `enabled?'
c:/ruby/lib/ruby/gems/1.8/gems/watir-1.6.2/lib/watir/element.rb:56:in `assert_enabled'
c:/ruby/lib/ruby/gems/1.8/gems/watir-1.6.2/lib/watir/input_elements.rb:323:in `set'
D:/stores_qa/common methods/stores_common_methods.rb:19:in `login_to_stores'
test_create_interbin_transfer.rb:38:in `test_0010_create_interbin_transfer'
c:/ruby/lib/ruby/1.8/test/unit/testcase.rb:78:in `__send__'
c:/ruby/lib/ruby/1.8/test/unit/testcase.rb:78:in `run'
c:/ruby/lib/ruby/1.8/test/unit/testsuite.rb:34:in `run'
c:/ruby/lib/ruby/1.8/test/unit/testsuite.rb:33:in `each'
c:/ruby/lib/ruby/1.8/test/unit/testsuite.rb:33:in `run'
c:/ruby/lib/ruby/1.8/test/unit/testsuite.rb:34:in `run'
c:/ruby/lib/ruby/1.8/test/unit/testsuite.rb:33:in `each'
c:/ruby/lib/ruby/1.8/test/unit/testsuite.rb:33:in `run'
c:/ruby/lib/ruby/1.8/test/unit/ui/testrunnermediator.rb:46:in `run_suite'
c:/ruby/lib/ruby/1.8/test/unit/ui/console/testrunner.rb:67:in `start_mediator'
c:/ruby/lib/ruby/1.8/test/unit/ui/console/testrunner.rb:41:in `start'
c:/ruby/lib/ruby/1.8/test/unit/ui/testrunnerutilities.rb:29:in `run'
c:/ruby/lib/ruby/1.8/test/unit/autorunner.rb:216:in `run'
c:/ruby/lib/ruby/1.8/test/unit/autorunner.rb:12:in `run'
c:/ruby/lib/ruby/1.8/test/unit.rb:278
test_create_interbin_transfer.rb:72    </failure>
  </testcase>
  <system-out>
    <![CDATA[Unable to locate element, using :id, "j_username"
]]>
  </system-out>
  <system-err>
    <![CDATA[]]>
  </system-err>
</testsuite>
