<?xml version="1.0" encoding="UTF-8"?>
<testsuite assertions="4" name="Stores_TC_Create_inter_bin_transfer" tests="1" failures="0" time="15.924" errors="1">
  <testcase assertions="4" name="test_0010_create_interbin_transfer_success" time="15.924">
    <failure type="Watir::Exception::UnknownObjectException" message="Unable to locate element, using :value, &quot;4&quot;">
Unable to locate element, using :value, "4" (Watir::Exception::UnknownObjectException)
c:/ruby/lib/ruby/gems/1.8/gems/watir-1.6.2/lib/watir/element.rb:52:in `assert_exists'
c:/ruby/lib/ruby/gems/1.8/gems/watir-1.6.2/lib/watir/element.rb:284:in `enabled?'
c:/ruby/lib/ruby/gems/1.8/gems/watir-1.6.2/lib/watir/element.rb:56:in `assert_enabled'
c:/ruby/lib/ruby/gems/1.8/gems/watir-1.6.2/lib/watir/input_elements.rb:505:in `set'
D:/qa_store/regression/Transactions/Inter bin transfer/stores_interbin_methods.rb:61:in `populate_create_inter_bin_transfer_details'
D:/qa_store/regression/Transactions/Inter bin transfer/stores_interbin_methods.rb:18:in `create_inter_bin_transfer_success'
test_create_interbin_transfer.rb:60:in `test_0010_create_interbin_transfer_success'
c:/ruby/lib/ruby/1.8/test/unit/testcase.rb:78:in `__send__'
c:/ruby/lib/ruby/1.8/test/unit/testcase.rb:78:in `run'
c:/ruby/lib/ruby/1.8/test/unit/testsuite.rb:34:in `run'
c:/ruby/lib/ruby/1.8/test/unit/testsuite.rb:33:in `each'
c:/ruby/lib/ruby/1.8/test/unit/testsuite.rb:33:in `run'
c:/ruby/lib/ruby/1.8/test/unit/testsuite.rb:34:in `run'
c:/ruby/lib/ruby/1.8/test/unit/testsuite.rb:33:in `each'
c:/ruby/lib/ruby/1.8/test/unit/testsuite.rb:33:in `run'
c:/ruby/lib/ruby/1.8/test/unit/ui/testrunnermediator.rb:46:in `run_suite'
c:/ruby/lib/ruby/1.8/test/unit/ui/console/testrunner.rb:67:in `start_mediator'
c:/ruby/lib/ruby/1.8/test/unit/ui/console/testrunner.rb:41:in `start'
c:/ruby/lib/ruby/1.8/test/unit/ui/testrunnerutilities.rb:29:in `run'
c:/ruby/lib/ruby/1.8/test/unit/autorunner.rb:216:in `run'
c:/ruby/lib/ruby/1.8/test/unit/autorunner.rb:12:in `run'
c:/ruby/lib/ruby/1.8/test/unit.rb:278
test_create_interbin_transfer.rb:105    </failure>
  </testcase>
  <system-out>
    <![CDATA[]]>
  </system-out>
  <system-err>
    <![CDATA[]]>
  </system-err>
</testsuite>
