<?xml version="1.0" encoding="UTF-8"?>
<testsuite failures="1" errors="0" name="Test_Create_supplier" time="11.876" assertions="3" tests="1">
  <testcase name="test_0020_create_supplier_valid_without_mandatory_data" time="11.875" assertions="3">
    <failure type="Test::Unit::AssertionFailedError" message="Tc0020.Could not find the text: eGov Stores - Supplier - Create Supplier Failed....">
Tc0020.Could not find the text: eGov Stores - Supplier - Create Supplier Failed.
&lt;nil&gt; expected to not be nil. (Test::Unit::AssertionFailedError)
c:/stores_qa/regression/Masters/supplier/stores_supplier_methods.rb:61:in `check_for_create_supplier_success'
test_create_supplier.rb:51:in `test_0020_create_supplier_valid_without_mandatory_data'    </failure>
  </testcase>
  <system-out>
    <![CDATA[Unable to locate element, using :id, "j_username"
]]>
  </system-out>
  <system-err>
    <![CDATA[]]>
  </system-err>
</testsuite>
