<?xml version="1.0" encoding="UTF-8"?>
<testsuite errors="0" name="Test_View_supplier" assertions="3" tests="1" time="13.861" failures="0">
  <testcase name="test_0010_view_supplier_valid" assertions="3" time="13.861">
  </testcase>
  <system-out>
    <![CDATA[]]>
  </system-out>
  <system-err>
    <![CDATA[]]>
  </system-err>
</testsuite>
