<?xml version="1.0" encoding="UTF-8"?>
<testsuite failures="0" errors="0" name="Test_View_Item_type" assertions="10" tests="2" time="34.528">
  <testcase name="test_0010_view_with_item_type" assertions="5" time="19.084">
  </testcase>
  <testcase name="test_0020_view_without_item_type" assertions="5" time="15.443">
  </testcase>
  <system-out>
    <![CDATA[]]>
  </system-out>
  <system-err>
    <![CDATA[]]>
  </system-err>
</testsuite>
