<?xml version="1.0" encoding="UTF-8"?>
<testsuite errors="0" name="Test_Create_UOM_category" assertions="10" tests="2" time="37.674" failures="0">
  <testcase name="test_0010_modify_uom_category_valid_values" assertions="5" time="19.782">
  </testcase>
  <testcase name="test_0020_modify_uom_category_with_special_char_for_uomcategory_description" assertions="5" time="17.891">
  </testcase>
  <system-out>
    <![CDATA[]]>
  </system-out>
  <system-err>
    <![CDATA[]]>
  </system-err>
</testsuite>
