<?xml version="1.0" encoding="UTF-8"?>
<testsuite failures="0" name="Test_Approve_Indent" errors="0" time="34.441" assertions="5" tests="1">
  <testcase name="test_0030_reject_MI_from_both_user_n_manager" time="34.44" assertions="5">
  </testcase>
  <system-out>
    <![CDATA[document
    OLE error code:80004005 in <Unknown>
      <No Description>
    HRESULT error code:0x80020009
      Exception occurred.
]]>
  </system-out>
  <system-err>
    <![CDATA[]]>
  </system-err>
</testsuite>
