<?xml version="1.0" encoding="UTF-8"?>
<testsuite failures="0" errors="0" name="Test_Material_Indent" time="161.534" assertions="38" tests="8">
  <testcase name="test_0030_create_material_indent_without_purpose" time="15.302" assertions="3">
  </testcase>
  <testcase name="test_0040_create_material_indent_without_department" time="21.005" assertions="5">
  </testcase>
  <testcase name="test_0050_create_material_indent_without_account_code_description" time="21.247" assertions="5">
  </testcase>
  <testcase name="test_0060_create_material_indent_without_Quantity" time="23.161" assertions="5">
  </testcase>
  <testcase name="test_0070_create_material_indent_without_indenting_store_issuing_store" time="20.272" assertions="5">
  </testcase>
  <testcase name="test_0080_create_material_indent_without_Financial_details" time="22.206" assertions="5">
  </testcase>
  <testcase name="test_0090_create_material_indent_purchase" time="19.171" assertions="5">
  </testcase>
  <testcase name="test_0091_create_material_indent_item_not_purchasable" time="19.167" assertions="5">
  </testcase>
  <system-out>
    <![CDATA[Unable to locate element, using :name, "j_username"
]]>
  </system-out>
  <system-err>
    <![CDATA[]]>
  </system-err>
</testsuite>
