<?xml version="1.0" encoding="UTF-8"?>
<testsuite failures="0" errors="1" name="Test_View_Material_indent" time="42.415" tests="1" assertions="5">
  <testcase name="test_0010_view_material_indent_success" time="42.414" assertions="5">
    <failure type="Process::Error" message="The handle is invalid.">
The handle is invalid. (Process::Error)
c:/ruby/lib/ruby/gems/1.8/gems/win32-process-0.6.0/lib/win32/process.rb:195:in `kill'
c:/ruby/lib/ruby/gems/1.8/gems/win32-process-0.6.0/lib/win32/process.rb:155:in `each'
c:/ruby/lib/ruby/gems/1.8/gems/win32-process-0.6.0/lib/win32/process.rb:155:in `kill'
test_view_indent.rb:83:in `teardown'
c:/ruby/lib/ruby/1.8/test/unit/testcase.rb:86:in `run'
c:/ruby/lib/ruby/1.8/test/unit/testsuite.rb:34:in `run'
c:/ruby/lib/ruby/1.8/test/unit/testsuite.rb:33:in `each'
c:/ruby/lib/ruby/1.8/test/unit/testsuite.rb:33:in `run'
c:/ruby/lib/ruby/1.8/test/unit/testsuite.rb:34:in `run'
c:/ruby/lib/ruby/1.8/test/unit/testsuite.rb:33:in `each'
c:/ruby/lib/ruby/1.8/test/unit/testsuite.rb:33:in `run'
c:/ruby/lib/ruby/1.8/test/unit/ui/testrunnermediator.rb:46:in `run_suite'
c:/ruby/lib/ruby/1.8/test/unit/ui/console/testrunner.rb:67:in `start_mediator'
c:/ruby/lib/ruby/1.8/test/unit/ui/console/testrunner.rb:41:in `start'
c:/ruby/lib/ruby/1.8/test/unit/ui/testrunnerutilities.rb:29:in `run'
c:/ruby/lib/ruby/1.8/test/unit/autorunner.rb:216:in `run'
c:/ruby/lib/ruby/1.8/test/unit/autorunner.rb:12:in `run'
c:/ruby/lib/ruby/1.8/test/unit.rb:278
test_view_indent.rb:75    </failure>
  </testcase>
  <system-out>
    <![CDATA[Unable to locate element, using :name, "j_username"
]]>
  </system-out>
  <system-err>
    <![CDATA[]]>
  </system-err>
</testsuite>
