<?xml version="1.0" encoding="UTF-8"?>
<testsuite failures="0" errors="0" name="Test_Modify_Item_type" assertions="10" tests="2" time="42.859">
  <testcase name="test_0010_modify_item_type_with_valid_values" assertions="5" time="21.404">
  </testcase>
  <testcase name="test_0020_modify_item_type_without_stockinhandcode" assertions="5" time="21.455">
  </testcase>
  <system-out>
    <![CDATA[]]>
  </system-out>
  <system-err>
    <![CDATA[]]>
  </system-err>
</testsuite>
